This is pdfTeX, Version 3.14159265-2.6-1.40.17 (TeX Live 2016/Debian) (preloaded format=pdflatex 2017.8.28)  11 DEC 2017 05:04
entering extended mode
 restricted \write18 enabled.
 %&-line parsing enabled.
**tudkom.tex
(./tudkom.tex
LaTeX2e <2017/01/01> patch level 3
Babel <3.9r> and hyphenation patterns for 8 language(s) loaded.
(/usr/share/texmf/tex/latex/tuddesign/tudreport.cls
Document Class: tudreport 2009/11/17 1.13 Clemens von Loewenich's and Joe Werne
r's TUD-Design package
(/usr/share/texlive/texmf-dist/tex/latex/xkeyval/xkeyval.sty
Package: xkeyval 2014/12/03 v2.7a package option processing (HA)

(/usr/share/texlive/texmf-dist/tex/generic/xkeyval/xkeyval.tex
(/usr/share/texlive/texmf-dist/tex/generic/xkeyval/xkvutils.tex
\XKV@toks=\toks14
\XKV@tempa@toks=\toks15

(/usr/share/texlive/texmf-dist/tex/generic/xkeyval/keyval.tex))
\XKV@depth=\count79
File: xkeyval.tex 2014/12/03 v2.7a key=value parser (HA)
))
(/usr/share/texlive/texmf-dist/tex/latex/base/ifthen.sty
Package: ifthen 2014/09/29 v1.1c Standard LaTeX ifthen package (DPC)
)
Class tudreport Info: Option `paper=a4report' selected. on input line 142.
Class tudreport Info: Option `paper=a4report' selected. on input line 144.

(/usr/share/texlive/texmf-dist/tex/latex/koma-script/scrreprt.cls
Document Class: scrreprt 2016/06/14 v3.21 KOMA-Script document class (report)
(/usr/share/texlive/texmf-dist/tex/latex/koma-script/scrkbase.sty
Package: scrkbase 2016/06/14 v3.21 KOMA-Script package (KOMA-Script-dependent b
asics and keyval usage)

(/usr/share/texlive/texmf-dist/tex/latex/koma-script/scrbase.sty
Package: scrbase 2016/06/14 v3.21 KOMA-Script package (KOMA-Script-independent 
basics and keyval usage)

(/usr/share/texlive/texmf-dist/tex/latex/koma-script/scrlfile.sty
Package: scrlfile 2016/06/14 v3.21 KOMA-Script package (loading files)

Package scrlfile, 2016/06/14 v3.21 KOMA-Script package (loading files)
                  Copyright (C) Markus Kohm

))) (/usr/share/texlive/texmf-dist/tex/latex/koma-script/tocbasic.sty
Package: tocbasic 2016/06/14 v3.21 KOMA-Script package (handling toc-files)
\scr@dte@tocline@numberwidth=\skip41
\scr@dte@tocline@numbox=\box26
)
Package tocbasic Info: omitting babel extension for `toc'
(tocbasic)             because of feature `nobabel' available
(tocbasic)             for `toc' on input line 132.
Package tocbasic Info: omitting babel extension for `lof'
(tocbasic)             because of feature `nobabel' available
(tocbasic)             for `lof' on input line 133.
Package tocbasic Info: omitting babel extension for `lot'
(tocbasic)             because of feature `nobabel' available
(tocbasic)             for `lot' on input line 134.
Package tocbasic Info: defining new hook before heading of `' on input line 160
6.
Class scrreprt Info: You've used standard option `openright'.
(scrreprt)           This is correct!
(scrreprt)           Internally I'm using `open=right'.
(scrreprt)           If you'd like to set the option with \KOMAoptions,
(scrreprt)           you'd have to use `open=right' there
(scrreprt)           instead of `openright', too.
Class scrreprt Info: File `scrsize11pt.clo' used instead of
(scrreprt)           file `scrsize11.clo' to setup font sizes on input line 226
6.

(/usr/share/texlive/texmf-dist/tex/latex/koma-script/scrsize11pt.clo
File: scrsize11pt.clo 2016/06/14 v3.21 KOMA-Script font size class option (11pt
)
)
(/usr/share/texlive/texmf-dist/tex/latex/koma-script/typearea.sty
Package: typearea 2016/06/14 v3.21 KOMA-Script package (type area)

Package typearea, 2016/06/14 v3.21 KOMA-Script package (type area)
                  Copyright (C) Frank Neukam, 1992-1994
                  Copyright (C) Markus Kohm, 1994-

\ta@bcor=\skip42
\ta@div=\count80
\ta@hblk=\skip43
\ta@vblk=\skip44
\ta@temp=\skip45
\footheight=\skip46
Package typearea Info: These are the values describing the layout:
(typearea)             DIV  = 10
(typearea)             BCOR = 0.0pt
(typearea)             \paperwidth      = 597.50793pt
(typearea)              \textwidth      = 418.25555pt
(typearea)              DIV departure   = -6%
(typearea)              \evensidemargin = 47.2316pt
(typearea)              \oddsidemargin  = -12.5192pt
(typearea)             \paperheight     = 845.04694pt
(typearea)              \textheight     = 595.80026pt
(typearea)              \topmargin      = -25.16531pt
(typearea)              \headheight     = 17.0pt
(typearea)              \headsep        = 20.40001pt
(typearea)              \topskip        = 11.0pt
(typearea)              \footskip       = 47.6pt
(typearea)              \baselineskip   = 13.6pt
(typearea)              on input line 1529.
)
\c@part=\count81
\c@chapter=\count82
\c@section=\count83
\c@subsection=\count84
\c@subsubsection=\count85
\c@paragraph=\count86
\c@subparagraph=\count87
\scr@dte@part@maxnumwidth=\skip47
\scr@dte@chapter@maxnumwidth=\skip48
\scr@dte@section@maxnumwidth=\skip49
\scr@dte@subsection@maxnumwidth=\skip50
\scr@dte@subsubsection@maxnumwidth=\skip51
\scr@dte@paragraph@maxnumwidth=\skip52
\scr@dte@subparagraph@maxnumwidth=\skip53
LaTeX Info: Redefining \textsubscript on input line 4780.
\abovecaptionskip=\skip54
\belowcaptionskip=\skip55
\c@pti@nb@sid@b@x=\box27
\c@figure=\count88
\c@table=\count89
Class scrreprt Info: Redefining `\numberline' on input line 5801.
\bibindent=\dimen102
) (/usr/share/texlive/texmf-dist/tex/latex/tools/calc.sty
Package: calc 2014/10/28 v4.3 Infix arithmetic (KKT,FJ)
\calc@Acount=\count90
\calc@Bcount=\count91
\calc@Adimen=\dimen103
\calc@Bdimen=\dimen104
\calc@Askip=\skip56
\calc@Bskip=\skip57
LaTeX Info: Redefining \setlength on input line 80.
LaTeX Info: Redefining \addtolength on input line 81.
\calc@Ccount=\count92
\calc@Cskip=\skip58
)
(/usr/share/texmf/tex/latex/tuddesign/colours/tudcolours.sty
Package: tudcolours 2009/03/12 1.9 Clemens von Loewenich's and Joe Werner's TUD
-Design package

(/usr/share/texlive/texmf-dist/tex/latex/xcolor/xcolor.sty
Package: xcolor 2016/05/11 v2.12 LaTeX color extensions (UK)

(/usr/share/texlive/texmf-dist/tex/latex/graphics-cfg/color.cfg
File: color.cfg 2016/01/02 v1.6 sample color configuration
)
Package xcolor Info: Package option `override' ignored on input line 216.
Package xcolor Info: Driver file: pdftex.def on input line 225.

(/usr/share/texlive/texmf-dist/tex/latex/graphics-def/pdftex.def
File: pdftex.def 2017/01/12 v0.06k Graphics/color for pdfTeX

(/usr/share/texlive/texmf-dist/tex/generic/oberdiek/infwarerr.sty
Package: infwarerr 2016/05/16 v1.4 Providing info/warning/error messages (HO)
)
(/usr/share/texlive/texmf-dist/tex/generic/oberdiek/ltxcmds.sty
Package: ltxcmds 2016/05/16 v1.23 LaTeX kernel commands for general use (HO)
)
\Gread@gobject=\count93
)
Package xcolor Info: Model `cmy' substituted by `cmy0' on input line 1348.
Package xcolor Info: Model `hsb' substituted by `rgb' on input line 1352.
Package xcolor Info: Model `RGB' extended on input line 1364.
Package xcolor Info: Model `HTML' substituted by `rgb' on input line 1366.
Package xcolor Info: Model `Hsb' substituted by `hsb' on input line 1367.
Package xcolor Info: Model `tHsb' substituted by `hsb' on input line 1368.
Package xcolor Info: Model `HSB' substituted by `hsb' on input line 1369.
Package xcolor Info: Model `Gray' substituted by `gray' on input line 1370.
Package xcolor Info: Model `wave' substituted by `hsb' on input line 1371.
)
(/usr/share/texmf/tex/latex/tuddesign/colours/tudcolours.cfg
File: tudcolours.cfg 2008/12/03
)
(/usr/share/texmf/tex/latex/tuddesign/colours/tudcolours.def
File: tudcolours.def 2008/12/03
)

Package tudcolours Warning: *********************************************** 
(tudcolours)                It is not allowed to use `tud0a' as accentcolor 
(tudcolours)                for text. `tudtextaccent' is set to `black'! 
(tudcolours)                *********************************************** 
(tudcolours)                 on input line 48.

) (/usr/share/texmf/tex/latex/tuddesign/report/tudreprt_fonts.sty
Package: tudreprt_fonts 2009/00/18 1.11 Clemens von Loewenich's and Joe Werner'
s TUD-Design package

(/usr/share/texmf/tex/latex/tuddesign/base/tudfonts.sty
Package: tudfonts 2009/09/18 1.12 Clemens von Loewenich's and Joe Werner's TUD-
Design package

(/usr/share/texlive/texmf-dist/tex/latex/base/fontenc.sty
Package: fontenc 2017/02/22 v2.0g Standard LaTeX package

(/usr/share/texlive/texmf-dist/tex/latex/base/t1enc.def
File: t1enc.def 2017/02/22 v2.0g Standard LaTeX file
LaTeX Font Info:    Redeclaring font encoding T1 on input line 48.
))
(/usr/share/texlive/texmf-dist/tex/latex/base/textcomp.sty
Package: textcomp 2017/02/22 v2.0g Standard LaTeX package
Package textcomp Info: Sub-encoding information:
(textcomp)               5 = only ISO-Adobe without \textcurrency
(textcomp)               4 = 5 + \texteuro
(textcomp)               3 = 4 + \textohm
(textcomp)               2 = 3 + \textestimated + \textcurrency
(textcomp)               1 = TS1 - \textcircled - \t
(textcomp)               0 = TS1 (full)
(textcomp)             Font families with sub-encoding setting implement
(textcomp)             only a restricted character set as indicated.
(textcomp)             Family '?' is the default used for unknown fonts.
(textcomp)             See the documentation for details.
Package textcomp Info: Setting ? sub-encoding to TS1/1 on input line 79.
Package textcomp Info: Changing ? sub-encoding to TS1/4 on input line 80.

(/usr/share/texlive/texmf-dist/tex/latex/base/ts1enc.def
File: ts1enc.def 2001/06/05 v3.0e (jk/car/fm) Standard LaTeX file
)
LaTeX Info: Redefining \oldstylenums on input line 334.
Package textcomp Info: Setting cmr sub-encoding to TS1/0 on input line 349.
Package textcomp Info: Setting cmss sub-encoding to TS1/0 on input line 350.
Package textcomp Info: Setting cmtt sub-encoding to TS1/0 on input line 351.
Package textcomp Info: Setting cmvtt sub-encoding to TS1/0 on input line 352.
Package textcomp Info: Setting cmbr sub-encoding to TS1/0 on input line 353.
Package textcomp Info: Setting cmtl sub-encoding to TS1/0 on input line 354.
Package textcomp Info: Setting ccr sub-encoding to TS1/0 on input line 355.
Package textcomp Info: Setting ptm sub-encoding to TS1/4 on input line 356.
Package textcomp Info: Setting pcr sub-encoding to TS1/4 on input line 357.
Package textcomp Info: Setting phv sub-encoding to TS1/4 on input line 358.
Package textcomp Info: Setting ppl sub-encoding to TS1/3 on input line 359.
Package textcomp Info: Setting pag sub-encoding to TS1/4 on input line 360.
Package textcomp Info: Setting pbk sub-encoding to TS1/4 on input line 361.
Package textcomp Info: Setting pnc sub-encoding to TS1/4 on input line 362.
Package textcomp Info: Setting pzc sub-encoding to TS1/4 on input line 363.
Package textcomp Info: Setting bch sub-encoding to TS1/4 on input line 364.
Package textcomp Info: Setting put sub-encoding to TS1/5 on input line 365.
Package textcomp Info: Setting uag sub-encoding to TS1/5 on input line 366.
Package textcomp Info: Setting ugq sub-encoding to TS1/5 on input line 367.
Package textcomp Info: Setting ul8 sub-encoding to TS1/4 on input line 368.
Package textcomp Info: Setting ul9 sub-encoding to TS1/4 on input line 369.
Package textcomp Info: Setting augie sub-encoding to TS1/5 on input line 370.
Package textcomp Info: Setting dayrom sub-encoding to TS1/3 on input line 371.
Package textcomp Info: Setting dayroms sub-encoding to TS1/3 on input line 372.

Package textcomp Info: Setting pxr sub-encoding to TS1/0 on input line 373.
Package textcomp Info: Setting pxss sub-encoding to TS1/0 on input line 374.
Package textcomp Info: Setting pxtt sub-encoding to TS1/0 on input line 375.
Package textcomp Info: Setting txr sub-encoding to TS1/0 on input line 376.
Package textcomp Info: Setting txss sub-encoding to TS1/0 on input line 377.
Package textcomp Info: Setting txtt sub-encoding to TS1/0 on input line 378.
Package textcomp Info: Setting lmr sub-encoding to TS1/0 on input line 379.
Package textcomp Info: Setting lmdh sub-encoding to TS1/0 on input line 380.
Package textcomp Info: Setting lmss sub-encoding to TS1/0 on input line 381.
Package textcomp Info: Setting lmssq sub-encoding to TS1/0 on input line 382.
Package textcomp Info: Setting lmvtt sub-encoding to TS1/0 on input line 383.
Package textcomp Info: Setting lmtt sub-encoding to TS1/0 on input line 384.
Package textcomp Info: Setting qhv sub-encoding to TS1/0 on input line 385.
Package textcomp Info: Setting qag sub-encoding to TS1/0 on input line 386.
Package textcomp Info: Setting qbk sub-encoding to TS1/0 on input line 387.
Package textcomp Info: Setting qcr sub-encoding to TS1/0 on input line 388.
Package textcomp Info: Setting qcs sub-encoding to TS1/0 on input line 389.
Package textcomp Info: Setting qpl sub-encoding to TS1/0 on input line 390.
Package textcomp Info: Setting qtm sub-encoding to TS1/0 on input line 391.
Package textcomp Info: Setting qzc sub-encoding to TS1/0 on input line 392.
Package textcomp Info: Setting qhvc sub-encoding to TS1/0 on input line 393.
Package textcomp Info: Setting futs sub-encoding to TS1/4 on input line 394.
Package textcomp Info: Setting futx sub-encoding to TS1/4 on input line 395.
Package textcomp Info: Setting futj sub-encoding to TS1/4 on input line 396.
Package textcomp Info: Setting hlh sub-encoding to TS1/3 on input line 397.
Package textcomp Info: Setting hls sub-encoding to TS1/3 on input line 398.
Package textcomp Info: Setting hlst sub-encoding to TS1/3 on input line 399.
Package textcomp Info: Setting hlct sub-encoding to TS1/5 on input line 400.
Package textcomp Info: Setting hlx sub-encoding to TS1/5 on input line 401.
Package textcomp Info: Setting hlce sub-encoding to TS1/5 on input line 402.
Package textcomp Info: Setting hlcn sub-encoding to TS1/5 on input line 403.
Package textcomp Info: Setting hlcw sub-encoding to TS1/5 on input line 404.
Package textcomp Info: Setting hlcf sub-encoding to TS1/5 on input line 405.
Package textcomp Info: Setting pplx sub-encoding to TS1/3 on input line 406.
Package textcomp Info: Setting pplj sub-encoding to TS1/3 on input line 407.
Package textcomp Info: Setting ptmx sub-encoding to TS1/4 on input line 408.
Package textcomp Info: Setting ptmj sub-encoding to TS1/4 on input line 409.
)
(/usr/share/texlive/texmf-dist/tex/latex/base/fix-cm.sty
Package: fix-cm 2015/01/14 v1.1t fixes to LaTeX

(/usr/share/texlive/texmf-dist/tex/latex/base/ts1enc.def
File: ts1enc.def 2001/06/05 v3.0e (jk/car/fm) Standard LaTeX file
LaTeX Font Info:    Redeclaring font encoding TS1 on input line 47.
))
(/usr/share/texlive/texmf-dist/tex/latex/mathdesign/mathdesign.sty
Package: mathdesign 2013/08/29 v2.31 Math Design Project

(/usr/share/texlive/texmf-dist/tex/latex/mathdesign/mdbch/mdbch.cfg)
(/usr/share/texlive/texmf-dist/tex/latex/mathdesign/mdbch/mdbch.sty
Package: mdbch 2013/08/29 v2.31 bitstream bitstream charter + mdbch (Math Desig
n Project)

(/usr/share/texlive/texmf-dist/tex/latex/mathdesign/mdfont.def
File: mdfont.def 2013/08/29 v2.31 (Math Design Project)
)
(/usr/share/texlive/texmf-dist/tex/latex/mathdesign/mdsffont.def
File: mdsffont.def 2013/08/29 v2.31 (Math Design Project)
)
(/usr/share/texlive/texmf-dist/tex/latex/mathdesign/mdttfont.def
File: mdttfont.def 2013/08/29 v2.31 (Math Design Project)
)
\symmdcal=\mathgroup4
LaTeX Font Info:    Overwriting symbol font `mdcal' in version `bold'
(Font)                  OMS/mdbch/m/n --> OMS/mdbch/b/n on input line 97.
\symmdscr=\mathgroup5
LaTeX Font Info:    Overwriting symbol font `mdscr' in version `bold'
(Font)                  OMS/mdbch/m/n --> OMS/mdbch/b/n on input line 103.
LaTeX Font Info:    Overwriting math alphabet `\mathfrak' in version `bold'
(Font)                  U/xmdeuf/m/n --> U/xmdeuf/b/n on input line 110.
LaTeX Font Info:    Overwriting symbol font `operators' in version `normal'
(Font)                  OT1/cmr/m/n --> OT1/mdbch/m/n on input line 121.
LaTeX Font Info:    Overwriting symbol font `letters' in version `normal'
(Font)                  OML/cmm/m/it --> OML/mdbch/m/it on input line 122.
LaTeX Font Info:    Overwriting symbol font `symbols' in version `normal'
(Font)                  OMS/cmsy/m/n --> OMS/mdbch/m/n on input line 123.
LaTeX Font Info:    Overwriting symbol font `largesymbols' in version `normal'
(Font)                  OMX/cmex/m/n --> OMX/mdbch/m/n on input line 124.
LaTeX Font Info:    Overwriting symbol font `operators' in version `bold'
(Font)                  OT1/cmr/bx/n --> OT1/mdbch/b/n on input line 126.
LaTeX Font Info:    Overwriting symbol font `letters' in version `bold'
(Font)                  OML/cmm/b/it --> OML/mdbch/b/it on input line 127.
LaTeX Font Info:    Overwriting symbol font `symbols' in version `bold'
(Font)                  OMS/cmsy/b/n --> OMS/mdbch/b/n on input line 128.
LaTeX Font Info:    Overwriting symbol font `largesymbols' in version `bold'
(Font)                  OMX/cmex/m/n --> OMX/mdbch/b/n on input line 129.
LaTeX Font Info:    Overwriting math alphabet `\mathrm' in version `normal'
(Font)                  OT1/mdbch/m/n --> T1/mdbch/m/n on input line 131.
LaTeX Font Info:    Overwriting math alphabet `\mathbf' in version `normal'
(Font)                  OT1/cmr/bx/n --> T1/mdbch/b/n on input line 132.
LaTeX Font Info:    Overwriting math alphabet `\mathit' in version `normal'
(Font)                  OT1/cmr/m/it --> T1/mdbch/m/it on input line 133.
LaTeX Font Info:    Overwriting math alphabet `\mathsf' in version `normal'
(Font)                  OT1/cmss/m/n --> T1/cmss/m/n on input line 134.
LaTeX Font Info:    Overwriting math alphabet `\mathtt' in version `normal'
(Font)                  OT1/cmtt/m/n --> T1/cmtt/m/n on input line 135.
LaTeX Font Info:    Overwriting math alphabet `\mathrm' in version `bold'
(Font)                  OT1/mdbch/b/n --> T1/mdbch/b/n on input line 137.
LaTeX Font Info:    Overwriting math alphabet `\mathbf' in version `bold'
(Font)                  OT1/cmr/bx/n --> T1/mdbch/b/n on input line 138.
LaTeX Font Info:    Overwriting math alphabet `\mathit' in version `bold'
(Font)                  OT1/cmr/bx/it --> T1/mdbch/b/it on input line 139.
LaTeX Font Info:    Overwriting math alphabet `\mathsf' in version `bold'
(Font)                  OT1/cmss/bx/n --> T1/cmss/b/n on input line 140.
LaTeX Font Info:    Overwriting math alphabet `\mathtt' in version `bold'
(Font)                  OT1/cmtt/m/n --> T1/cmtt/b/n on input line 141.
\symlettersupright=\mathgroup6
LaTeX Font Info:    Overwriting symbol font `lettersupright' in version `bold'
(Font)                  OML/mdbch/m/n --> OML/mdbch/b/n on input line 144.
LaTeX Font Info:    Redeclaring math alphabet \mathrm on input line 145.
LaTeX Font Info:    Overwriting math alphabet `\mathcal' in version `normal'
(Font)                  OMS/mdbch/m/n --> OMS/mdbch/m/n on input line 167.
LaTeX Font Info:    Try loading font information for T1+mdbch on input line 186
.

(/usr/share/texlive/texmf-dist/tex/latex/mathdesign/mdbch/t1mdbch.fd
File: t1mdbch.fd 2013/08/29 Fontinst v1.933 font definitions for T1/mdbch.
)
LaTeX Font Info:    Font shape `T1/mdbch/m/n' will be
(Font)              scaled to size 10.51207pt on input line 186.
LaTeX Font Info:    Redeclaring math accent \widetilde on input line 449.
LaTeX Font Info:    Redeclaring math accent \widehat on input line 450.
\symmathdesignA=\mathgroup7
LaTeX Font Info:    Overwriting symbol font `mathdesignA' in version `bold'
(Font)                  MDA/mdbch/m/n --> MDA/mdbch/b/n on input line 491.
\symmathdesignB=\mathgroup8
LaTeX Font Info:    Overwriting symbol font `mathdesignB' in version `bold'
(Font)                  MDB/mdbch/m/n --> MDB/mdbch/b/n on input line 498.
\@emptytoks=\toks16
LaTeX Font Info:    Redeclaring math accent \widetilde on input line 532.
LaTeX Font Info:    Redeclaring math accent \widehat on input line 533.
\rulethickness=\skip59
)
(/usr/share/texlive/texmf-dist/tex/latex/base/fontenc.sty
Package: fontenc 2017/02/22 v2.0g Standard LaTeX package

(/usr/share/texlive/texmf-dist/tex/latex/base/t1enc.def
File: t1enc.def 2017/02/22 v2.0g Standard LaTeX file
LaTeX Font Info:    Redeclaring font encoding T1 on input line 48.
)))
\symutopiasymbol=\mathgroup9
LaTeX Font Info:    Overwriting math alphabet `\mathmb' in version `normal'
(Font)                  T1/5ch/mb/n --> T1/5ch/mb/n on input line 34.
LaTeX Font Info:    Overwriting math alphabet `\mathmb' in version `bold'
(Font)                  T1/5ch/mb/n --> T1/5ch/mb/n on input line 35.
LaTeX Info: Redefining \em on input line 37.
\fontheight=\skip60
\fontdepth=\skip61
\fontstrutbox=\box28
LaTeX Info: Redefining \LaTeX on input line 108.
)
LaTeX Font Info:    Font shape `T1/mdbch/m/n' will be
(Font)              scaled to size 10.56007pt on input line 239.
)
\TUD@headfootsep=\skip62

(/usr/share/texmf/tex/latex/tuddesign/base/tudpage.sty
Package: tudpage 2009/08/11 1.10 Clemens von Loewenich's and Joe Werner's TUD-D
esign package

(/usr/share/texmf/tex/latex/tuddesign/base/tudpaper.sty
Package: tudpaper 2009/01/28 1.9 Clemens von Loewenich's and Joe Werner's TUD-D
esign package

(/usr/share/texlive/texmf-dist/tex/latex/graphics/graphicx.sty
Package: graphicx 2014/10/28 v1.0g Enhanced LaTeX Graphics (DPC,SPQR)

(/usr/share/texlive/texmf-dist/tex/latex/graphics/graphics.sty
Package: graphics 2016/10/09 v1.0u Standard LaTeX Graphics (DPC,SPQR)

(/usr/share/texlive/texmf-dist/tex/latex/graphics/trig.sty
Package: trig 2016/01/03 v1.10 sin cos tan (DPC)
)
(/usr/share/texlive/texmf-dist/tex/latex/graphics-cfg/graphics.cfg
File: graphics.cfg 2016/06/04 v1.11 sample graphics configuration
)
Package graphics Info: Driver file: pdftex.def on input line 99.
)
\Gin@req@height=\dimen105
\Gin@req@width=\dimen106
)
(/usr/share/texlive/texmf-dist/tex/latex/eso-pic/eso-pic.sty
Package: eso-pic 2015/07/21 v2.0g eso-pic (RN)

(/usr/share/texlive/texmf-dist/tex/generic/oberdiek/atbegshi.sty
Package: atbegshi 2016/06/09 v1.18 At begin shipout hook (HO)

(/usr/share/texlive/texmf-dist/tex/generic/oberdiek/ifpdf.sty
Package: ifpdf 2016/05/14 v3.1 Provides the ifpdf switch
)))
\TUD@logo@height=\skip63
\TUD@logo@leftskip=\skip64
\TUD@sep@top=\skip65
\TUD@sep@left=\skip66
\TUD@sep@right=\skip67
\TUD@sep@bottom=\skip68
\TUD@titlepos=\skip69
\TUD@titlebox@sep@left=\skip70
\TUD@titlebox@sep@right=\skip71
\TUD@titlebox@sep@bottom=\skip72
\TUD@subtitlebox@sep=\skip73
\TUD@textwidth=\skip74
\TUD@cols@width=\skip75
\TUD@cols@sep=\skip76
\c@TUD@cols@n=\count94

(/usr/share/texmf/tex/latex/tuddesign/base/tudrules.sty
Package: tudrules 2008/10/09 1.6 Clemens von Loewenich's and Joe Werner's TUD-D
esign package
\TUD@indentbar@height=\skip77
\TUD@indentbar@depth=\skip78
\TUD@indentbar@totalheight=\skip79
\@TUD@indentbar@width=\skip80
\@TUD@largeruleheight=\skip81
\@TUD@smallruleheight=\skip82
\@TUD@rulesep=\skip83
\@TUD@ruleheight=\skip84
)
\TUD@indentbarheight=\skip85

(/usr/share/texlive/texmf-dist/tex/latex/geometry/geometry.sty
Package: geometry 2010/09/12 v5.6 Page Geometry

(/usr/share/texlive/texmf-dist/tex/generic/oberdiek/ifvtex.sty
Package: ifvtex 2016/05/16 v1.6 Detect VTeX and its facilities (HO)
Package ifvtex Info: VTeX not detected.
)
(/usr/share/texlive/texmf-dist/tex/generic/ifxetex/ifxetex.sty
Package: ifxetex 2010/09/12 v0.6 Provides ifxetex conditional
)
\Gm@cnth=\count95
\Gm@cntv=\count96
\c@Gm@tempcnt=\count97
\Gm@bindingoffset=\dimen107
\Gm@wd@mp=\dimen108
\Gm@odd@mp=\dimen109
\Gm@even@mp=\dimen110
\Gm@layoutwidth=\dimen111
\Gm@layoutheight=\dimen112
\Gm@layouthoffset=\dimen113
\Gm@layoutvoffset=\dimen114
\Gm@dimlist=\toks17
))
\TUD@footparindent=\skip86


Class scrreprt Warning: Usage of package `fancyhdr' together
(scrreprt)              with a KOMA-Script class is not recommended.
(scrreprt)              I'd suggest to use 
(scrreprt)              package `scrlayer-scrpage'.
(scrreprt)              Nevertheless, using requested
(scrreprt)              package `fancyhdr' on input line 47.

(/usr/share/texlive/texmf-dist/tex/latex/fancyhdr/fancyhdr.sty
Package: fancyhdr 2016/09/06 3.8 Extensive control of page headers and footers
\fancy@headwidth=\skip87
\f@ncyO@elh=\skip88
\f@ncyO@erh=\skip89
\f@ncyO@olh=\skip90
\f@ncyO@orh=\skip91
\f@ncyO@elf=\skip92
\f@ncyO@erf=\skip93
\f@ncyO@olf=\skip94
\f@ncyO@orf=\skip95
))
(/usr/share/texmf/tex/latex/tuddesign/base/tudheading.sty
Package: tudheading 2009/12/31 1.17 Clemens von Loewenich's and Joe Werner's TU
D-Design package


Class scrreprt Warning: Usage of package `titlesec' together
(scrreprt)              with a KOMA-Script class is not recommended.
(scrreprt)              I'd suggest to use the package only
(scrreprt)              if you really need it, because it breaks several
(scrreprt)              KOMA-Script features, i.e., option `headings' and
(scrreprt)              the extended optional argument of the section
(scrreprt)              commands.
(scrreprt)              Nevertheless, using requested
(scrreprt)              package `titlesec' on input line 12.

(/usr/share/texlive/texmf-dist/tex/latex/titlesec/titlesec.sty
Package: titlesec 2016/03/21 v2.10.2 Sectioning titles
\ttl@box=\box29
\beforetitleunit=\skip96
\aftertitleunit=\skip97
\ttl@plus=\dimen115
\ttl@minus=\dimen116
\ttl@toksa=\toks18
\titlewidth=\dimen117
\titlewidthlast=\dimen118
\titlewidthfirst=\dimen119


Package titlesec Warning: Non standard sectioning command detected
(titlesec)                Using default spacing and no format.


Package titlesec Warning: Non standard sectioning command detected
(titlesec)                Using default spacing and no format.


Package titlesec Warning: Non standard sectioning command detected
(titlesec)                Using default spacing and no format.


Package titlesec Warning: Non standard sectioning command detected
(titlesec)                Using default spacing and no format.


Package titlesec Warning: Non standard sectioning command detected
(titlesec)                Using default spacing and no format.

)

Package scrreprt Warning: Activating an ugly workaround for a missing
(scrreprt)                feature of package `titlesec` on input line 12.

\c@seclinedepth=\count98
\TUD@chapter@diff@height=\skip98
LaTeX Font Info:    Font shape `T1/mdbch/m/n' will be
(Font)              scaled to size 11.13608pt on input line 75.
\@TUD@above@headskip=\skip99
\@TUD@below@headskip=\skip100
(/usr/share/texmf/tex/latex/tuddesign/base/tudheading.def
File: tudheading.def 2009/07/14
\TUD@part@tmp@height=\skip101
\TUD@part@tmp@depth=\skip102
\@TUD@partbox=\box30
)
\TUD@parind=\skip103
\TUD@chapind=\skip104
\TUD@secind=\skip105
\TUD@subsecind=\skip106
\TUD@subsubsecind=\skip107

(/usr/share/texlive/texmf-dist/tex/latex/titlesec/block.tss
File: block.tss 2016/03/15
))
(/usr/share/texmf/tex/latex/tuddesign/base/tudredef.sty
Package: tudredef 2010/04/10 1.2 Clemens von Loewenich's and Joe Werner's TUD-D
esign package
\TUD@abstract@count=\count99
)
(/usr/share/texmf/tex/latex/tuddesign/report/tudreprt_title.sty
Package: tudreprt_title 2014/09/20 1.12 Clemens von Loewenich's and Joe Werner'
s TUD-Design package
\TUD@sponsorlogo=\box31
\TUD@titleskip=\skip108
))
(/usr/share/texlive/texmf-dist/tex/latex/base/inputenc.sty
Package: inputenc 2015/03/17 v1.2c Input encoding file
\inpenc@prehook=\toks19
\inpenc@posthook=\toks20
)
(/usr/share/texlive/texmf-dist/tex/generic/german/ngerman.sty v2.5e 1998-07-08
Package: ngerman 1998/07/08 v2.5e Support for writing german texts (br)
\grmnU@D=\dimen120
ngerman -- \language number for naustrian undefined, default 7 used.
ngerman -- \language number for French undefined, default 255 used.
) (/usr/share/texlive/texmf-dist/tex/generic/babel/babel.sty
Package: babel 2016/04/23 3.9r The Babel package

(/usr/share/texlive/texmf-dist/tex/generic/babel-english/english.ldf
Language: english 2012/08/20 v3.3p English support from the babel system

(/usr/share/texlive/texmf-dist/tex/generic/babel/babel.def
File: babel.def 2016/04/23 3.9r Babel common definitions
\babel@savecnt=\count100
\U@D=\dimen121
)
\l@british = a dialect from \language\l@english 
\l@UKenglish = a dialect from \language\l@english 
\l@canadian = a dialect from \language\l@american 
\l@australian = a dialect from \language\l@british 
\l@newzealand = a dialect from \language\l@british 
)
(/usr/share/texlive/texmf-dist/tex/generic/babel-german/ngerman.ldf
Language: ngerman 2016/11/02 v2.9 German support for babel (new orthography)

(/usr/share/texlive/texmf-dist/tex/generic/babel-german/ngermanb.ldf
Language: ngermanb 2016/11/02 v2.9 German support for babel (new orthography)
)))
(/usr/share/texlive/texmf-dist/tex/latex/tools/xspace.sty
Package: xspace 2014/10/28 v1.13 Space after command names (DPC,MH)
)
(/usr/share/texlive/texmf-dist/tex/latex/amsmath/amsmath.sty
Package: amsmath 2016/11/05 v2.16a AMS math features
\@mathmargin=\skip109

For additional information on amsmath, use the `?' option.
(/usr/share/texlive/texmf-dist/tex/latex/amsmath/amstext.sty
Package: amstext 2000/06/29 v2.01 AMS text

(/usr/share/texlive/texmf-dist/tex/latex/amsmath/amsgen.sty
File: amsgen.sty 1999/11/30 v2.0 generic functions
\@emptytoks=\toks21
\ex@=\dimen122
))
(/usr/share/texlive/texmf-dist/tex/latex/amsmath/amsbsy.sty
Package: amsbsy 1999/11/29 v1.2d Bold Symbols
\pmbraise@=\dimen123
)
(/usr/share/texlive/texmf-dist/tex/latex/amsmath/amsopn.sty
Package: amsopn 2016/03/08 v2.02 operator names
)
\inf@bad=\count101
LaTeX Info: Redefining \frac on input line 213.
\uproot@=\count102
\leftroot@=\count103
LaTeX Info: Redefining \overline on input line 375.
\classnum@=\count104
\DOTSCASE@=\count105
LaTeX Info: Redefining \ldots on input line 472.
LaTeX Info: Redefining \dots on input line 475.
LaTeX Info: Redefining \cdots on input line 596.
\Mathstrutbox@=\box32
\strutbox@=\box33
\big@size=\dimen124
LaTeX Font Info:    Redeclaring font encoding OML on input line 712.
LaTeX Font Info:    Redeclaring font encoding OMS on input line 713.
\macc@depth=\count106
\c@MaxMatrixCols=\count107
\dotsspace@=\muskip10
\c@parentequation=\count108
\dspbrk@lvl=\count109
\tag@help=\toks22
\row@=\count110
\column@=\count111
\maxfields@=\count112
\andhelp@=\toks23
\eqnshift@=\dimen125
\alignsep@=\dimen126
\tagshift@=\dimen127
\tagwidth@=\dimen128
\totwidth@=\dimen129
\lineht@=\dimen130
\@envbody=\toks24
\multlinegap=\skip110
\multlinetaggap=\skip111
\mathdisplay@stack=\toks25
LaTeX Info: Redefining \[ on input line 2817.
LaTeX Info: Redefining \] on input line 2818.
)
\c@dummy=\count113

(/usr/share/texlive/texmf-dist/tex/latex/enumitem/enumitem.sty
Package: enumitem 2011/09/28 v3.5.2 Customized lists
\enitkv@toks@=\toks26
\labelindent=\skip112
\enit@outerparindent=\dimen131
\enit@toks=\toks27
\enit@inbox=\box34
\enitdp@description=\count114
)
(/usr/share/texlive/texmf-dist/tex/latex/tools/tabularx.sty
Package: tabularx 2016/02/03 v2.11 `tabularx' package (DPC)

(/usr/share/texlive/texmf-dist/tex/latex/tools/array.sty
Package: array 2016/10/06 v2.4d Tabular extension package (FMi)
\col@sep=\dimen132
\extrarowheight=\dimen133
\NC@list=\toks28
\extratabsurround=\skip113
\backup@length=\skip114
)
\TX@col@width=\dimen134
\TX@old@table=\dimen135
\TX@old@col=\dimen136
\TX@target=\dimen137
\TX@delta=\dimen138
\TX@cols=\count115
\TX@ftn=\toks29
)
(/usr/share/texlive/texmf-dist/tex/latex/booktabs/booktabs.sty
Package: booktabs 2016/04/27 v1.618033 publication quality tables
\heavyrulewidth=\dimen139
\lightrulewidth=\dimen140
\cmidrulewidth=\dimen141
\belowrulesep=\dimen142
\belowbottomsep=\dimen143
\aboverulesep=\dimen144
\abovetopsep=\dimen145
\cmidrulesep=\dimen146
\cmidrulekern=\dimen147
\defaultaddspace=\dimen148
\@cmidla=\count116
\@cmidlb=\count117
\@aboverulesep=\dimen149
\@belowrulesep=\dimen150
\@thisruleclass=\count118
\@lastruleclass=\count119
\@thisrulewidth=\dimen151
)
(/usr/share/texlive/texmf-dist/tex/latex/caption/caption.sty
Package: caption 2016/02/21 v3.3-144 Customizing captions (AR)

(/usr/share/texlive/texmf-dist/tex/latex/caption/caption3.sty
Package: caption3 2016/05/22 v1.7-166 caption3 kernel (AR)
Package caption3 Info: TeX engine: e-TeX on input line 67.
\captionmargin=\dimen152
\captionmargin@=\dimen153
\captionwidth=\dimen154
\caption@tempdima=\dimen155
\caption@indent=\dimen156
\caption@parindent=\dimen157
\caption@hangindent=\dimen158
)
Package caption Info: KOMA-Script document class.
\c@ContinuedFloat=\count120
)
(/usr/share/texlive/texmf-dist/tex/latex/natbib/natbib.sty
Package: natbib 2010/09/13 8.31b (PWD, AO)
\bibhang=\skip115
\bibsep=\skip116
LaTeX Info: Redefining \cite on input line 694.
\c@NAT@ctr=\count121
)
(/usr/share/texlive/texmf-dist/tex/latex/subfig/subfig.sty
Package: subfig 2005/06/28 ver: 1.3 subfig package
\c@KVtest=\count122
\sf@farskip=\skip117
\sf@captopadj=\dimen159
\sf@capskip=\skip118
\sf@nearskip=\skip119
\c@subfigure=\count123
\c@subfigure@save=\count124
\c@lofdepth=\count125
\c@subtable=\count126
\c@subtable@save=\count127
\c@lotdepth=\count128
\sf@top=\skip120
\sf@bottom=\skip121
)
(/usr/share/texlive/texmf-dist/tex/latex/footmisc/footmisc.sty
Package: footmisc 2011/06/06 v5.5b a miscellany of footnote facilities
\FN@temptoken=\toks30
\footnotemargin=\dimen160
\c@pp@next@reset=\count129
Package footmisc Info: Declaring symbol style bringhurst on input line 855.
Package footmisc Info: Declaring symbol style chicago on input line 863.
Package footmisc Info: Declaring symbol style wiley on input line 872.
Package footmisc Info: Declaring symbol style lamport-robust on input line 883.

Package footmisc Info: Declaring symbol style lamport* on input line 903.
Package footmisc Info: Declaring symbol style lamport*-robust on input line 924
.
)
(/usr/share/texlive/texmf-dist/tex/latex/hyperref/hyperref.sty
Package: hyperref 2016/06/24 v6.83q Hypertext links for LaTeX

(/usr/share/texlive/texmf-dist/tex/generic/oberdiek/hobsub-hyperref.sty
Package: hobsub-hyperref 2016/05/16 v1.14 Bundle oberdiek, subset hyperref (HO)


(/usr/share/texlive/texmf-dist/tex/generic/oberdiek/hobsub-generic.sty
Package: hobsub-generic 2016/05/16 v1.14 Bundle oberdiek, subset generic (HO)
Package: hobsub 2016/05/16 v1.14 Construct package bundles (HO)
Package hobsub Info: Skipping package `infwarerr' (already loaded).
Package hobsub Info: Skipping package `ltxcmds' (already loaded).
Package: ifluatex 2016/05/16 v1.4 Provides the ifluatex switch (HO)
Package ifluatex Info: LuaTeX not detected.
Package hobsub Info: Skipping package `ifvtex' (already loaded).
Package: intcalc 2016/05/16 v1.2 Expandable calculations with integers (HO)
Package hobsub Info: Skipping package `ifpdf' (already loaded).
Package: etexcmds 2016/05/16 v1.6 Avoid name clashes with e-TeX commands (HO)
Package etexcmds Info: Could not find \expanded.
(etexcmds)             That can mean that you are not using pdfTeX 1.50 or
(etexcmds)             that some package has redefined \expanded.
(etexcmds)             In the latter case, load this package earlier.
Package: kvsetkeys 2016/05/16 v1.17 Key value parser (HO)
Package: kvdefinekeys 2016/05/16 v1.4 Define keys (HO)
Package: pdftexcmds 2016/05/21 v0.22 Utility functions of pdfTeX for LuaTeX (HO
)
Package pdftexcmds Info: LuaTeX not detected.
Package pdftexcmds Info: \pdf@primitive is available.
Package pdftexcmds Info: \pdf@ifprimitive is available.
Package pdftexcmds Info: \pdfdraftmode found.
Package: pdfescape 2016/05/16 v1.14 Implements pdfTeX's escape features (HO)
Package: bigintcalc 2016/05/16 v1.4 Expandable calculations on big integers (HO
)
Package: bitset 2016/05/16 v1.2 Handle bit-vector datatype (HO)
Package: uniquecounter 2016/05/16 v1.3 Provide unlimited unique counter (HO)
)
Package hobsub Info: Skipping package `hobsub' (already loaded).
Package: letltxmacro 2016/05/16 v1.5 Let assignment for LaTeX macros (HO)
Package: hopatch 2016/05/16 v1.3 Wrapper for package hooks (HO)
Package: xcolor-patch 2016/05/16 xcolor patch
Package: atveryend 2016/05/16 v1.9 Hooks at the very end of document (HO)
Package atveryend Info: \enddocument detected (standard20110627).
Package hobsub Info: Skipping package `atbegshi' (already loaded).
Package: refcount 2016/05/16 v3.5 Data extraction from label references (HO)
Package: hycolor 2016/05/16 v1.8 Color options for hyperref/bookmark (HO)
)
(/usr/share/texlive/texmf-dist/tex/latex/oberdiek/auxhook.sty
Package: auxhook 2016/05/16 v1.4 Hooks for auxiliary files (HO)
)
(/usr/share/texlive/texmf-dist/tex/latex/oberdiek/kvoptions.sty
Package: kvoptions 2016/05/16 v3.12 Key value format for package options (HO)
)
\@linkdim=\dimen161
\Hy@linkcounter=\count130
\Hy@pagecounter=\count131

(/usr/share/texlive/texmf-dist/tex/latex/hyperref/pd1enc.def
File: pd1enc.def 2016/06/24 v6.83q Hyperref: PDFDocEncoding definition (HO)
)
\Hy@SavedSpaceFactor=\count132

(/usr/share/texlive/texmf-dist/tex/latex/latexconfig/hyperref.cfg
File: hyperref.cfg 2002/06/06 v1.2 hyperref configuration of TeXLive
)
Package hyperref Info: Option `colorlinks' set `false' on input line 4362.
Package hyperref Info: Option `hyperfootnotes' set `true' on input line 4362.
Package hyperref Info: Option `pdfpagelabels' set `true' on input line 4362.
Package hyperref Info: Hyper figures OFF on input line 4486.
Package hyperref Info: Link nesting OFF on input line 4491.
Package hyperref Info: Hyper index ON on input line 4494.
Package hyperref Info: Plain pages OFF on input line 4501.
Package hyperref Info: Backreferencing OFF on input line 4506.
Package hyperref Info: Implicit mode ON; LaTeX internals redefined.
Package hyperref Info: Bookmarks ON on input line 4735.
\c@Hy@tempcnt=\count133

(/usr/share/texlive/texmf-dist/tex/latex/url/url.sty
\Urlmuskip=\muskip11
Package: url 2013/09/16  ver 3.4  Verb mode for urls, etc.
)
LaTeX Info: Redefining \url on input line 5088.
\XeTeXLinkMargin=\dimen162
\Fld@menulength=\count134
\Field@Width=\dimen163
\Fld@charsize=\dimen164
Package hyperref Info: Hyper figures OFF on input line 6342.
Package hyperref Info: Link nesting OFF on input line 6347.
Package hyperref Info: Hyper index ON on input line 6350.
Package hyperref Info: backreferencing OFF on input line 6357.
Package hyperref Info: Link coloring OFF on input line 6362.
Package hyperref Info: Link coloring with OCG OFF on input line 6367.
Package hyperref Info: PDF/A mode OFF on input line 6372.
LaTeX Info: Redefining \ref on input line 6412.
LaTeX Info: Redefining \pageref on input line 6416.
\Hy@abspage=\count135
\c@Item=\count136
\c@Hfootnote=\count137
)

Package hyperref Message: Driver: hpdftex.

(/usr/share/texlive/texmf-dist/tex/latex/hyperref/hpdftex.def
File: hpdftex.def 2016/06/24 v6.83q Hyperref driver for pdfTeX
\Fld@listcount=\count138
\c@bookmark@seq@number=\count139

(/usr/share/texlive/texmf-dist/tex/latex/oberdiek/rerunfilecheck.sty
Package: rerunfilecheck 2016/05/16 v1.8 Rerun checks for auxiliary files (HO)
Package uniquecounter Info: New unique counter `rerunfilecheck' on input line 2
82.
)
\Hy@SectionHShift=\skip122
)
Package hyperref Info: Option `colorlinks' set `false' on input line 95.
Package hyperref Info: Option `linktocpage' set `false' on input line 95.
Package hyperref Info: Option `breaklinks' set `true' on input line 95.
Package hyperref Info: Option `pageanchor' set `true' on input line 95.
Package hyperref Info: Option `plainpages' set `false' on input line 95.
Package hyperref Info: Option `bookmarksnumbered' set `true' on input line 95.
Package hyperref Info: Option `bookmarksopen' set `true' on input line 95.
Package hyperref Info: Option `hypertexnames' set `true' on input line 95.

(/usr/share/texlive/texmf-dist/tex/latex/glossaries/base/glossaries.sty
Package: glossaries 2017/01/19 v4.29 (NLCT)

(/usr/share/texlive/texmf-dist/tex/latex/mfirstuc/mfirstuc.sty
Package: mfirstuc 2016/07/31 v2.04 (NLCT)

(/usr/share/texlive/texmf-dist/tex/latex/etoolbox/etoolbox.sty
Package: etoolbox 2017/01/02 v2.4 e-TeX tools for LaTeX (JAW)
\etb@tempcnta=\count140
)
\@glsmfirst=\toks31
\@glsmrest=\toks32
)
(/usr/share/texlive/texmf-dist/tex/latex/textcase/textcase.sty
Package: textcase 2004/10/07 v0.07 Text only upper/lower case changing (DPC)
)
(/usr/share/texlive/texmf-dist/tex/latex/xfor/xfor.sty
Package: xfor 2009/02/05 v1.05 (NLCT)
)
(/usr/share/texlive/texmf-dist/tex/latex/datatool/datatool-base.sty
Package: datatool-base 2016/07/28 v2.27 (NLCT)

(/usr/share/texlive/texmf-dist/tex/latex/substr/substr.sty
Package: substr 2009/10/20 v1.2 Handle substrings
\c@su@anzahl=\count141
)
(/usr/share/texlive/texmf-dist/tex/latex/datatool/datatool-fp.sty
Package: datatool-fp 2016/07/28 v2.27 (NLCT)

(/usr/share/texlive/texmf-dist/tex/latex/fp/fp.sty
Package: fp 1995/04/02

`Fixed Point Package', Version 0.8, April 2, 1995 (C) Michael Mehlich
(/usr/share/texlive/texmf-dist/tex/latex/fp/defpattern.sty
Package: defpattern 1994/10/12
\actioncount=\count142
)
(/usr/share/texlive/texmf-dist/tex/latex/fp/fp-basic.sty
Package: fp-basic 1996/05/13
\FP@xs=\count143
\FP@xia=\count144
\FP@xib=\count145
\FP@xfa=\count146
\FP@xfb=\count147
\FP@rega=\count148
\FP@regb=\count149
\FP@regs=\count150
\FP@times=\count151
)
(/usr/share/texlive/texmf-dist/tex/latex/fp/fp-addons.sty
Package: fp-addons 1995/03/15
)
(/usr/share/texlive/texmf-dist/tex/latex/fp/fp-snap.sty
Package: fp-snap 1995/04/05
)
(/usr/share/texlive/texmf-dist/tex/latex/fp/fp-exp.sty
Package: fp-exp 1995/04/03
)
(/usr/share/texlive/texmf-dist/tex/latex/fp/fp-trigo.sty
Package: fp-trigo 1995/04/14
)
(/usr/share/texlive/texmf-dist/tex/latex/fp/fp-pas.sty
Package: fp-pas 1994/08/29
)
(/usr/share/texlive/texmf-dist/tex/latex/fp/fp-random.sty
Package: fp-random 1995/02/23
\FPseed=\count152
)
(/usr/share/texlive/texmf-dist/tex/latex/fp/fp-eqn.sty
Package: fp-eqn 1995/04/03
)
(/usr/share/texlive/texmf-dist/tex/latex/fp/fp-upn.sty
Package: fp-upn 1996/10/21
)
(/usr/share/texlive/texmf-dist/tex/latex/fp/fp-eval.sty
Package: fp-eval 1995/04/03
)))
\@dtl@toks=\toks33
\@dtl@tmpcount=\count153
\dtl@tmplength=\skip123
\dtl@sortresult=\count154
\@dtl@numgrpsepcount=\count155
\@dtl@datatype=\count156
\dtl@codeA=\count157
\dtl@codeB=\count158
\@dtl@foreach@level=\count159
)
(/usr/share/texlive/texmf-dist/tex/latex/glossaries/base/glossaries-compatible-
307.sty
Package: glossaries-compatible-307 2017/01/19 v4.29 (NLCT)
) (/usr/share/texlive/texmf-dist/tex/latex/tracklang/tracklang.sty
Package: tracklang 2016/11/03 v1.3.3 (NLCT) Track Languages

(/usr/share/texlive/texmf-dist/tex/generic/tracklang/tracklang.tex))
(/usr/share/texlive/texmf-dist/tex/latex/beamer/translator/translator.sty
Package: translator 2010/06/12 ver 1.10

(/usr/share/texlive/texmf-dist/tex/latex/beamer/translator/translator-language-
mappings.tex))
(/usr/share/texlive/texmf-dist/tex/latex/glossaries-german/glossaries-german.ld
f
File: glossaries-german.ldf 2014/11/23 v1.0
)
(/usr/share/texlive/texmf-dist/tex/latex/glossaries-english/glossaries-english.
ldf
File: glossaries-english.ldf 2014/11/23 v1.0
)
\gls@level=\count160
\@gls@tmpb=\toks34
\gls@tmplen=\skip124
\glskeylisttok=\toks35
\glslabeltok=\toks36
\glsshorttok=\toks37
\glslongtok=\toks38

(/usr/share/texlive/texmf-dist/tex/latex/glossaries/styles/glossary-hypernav.st
y
Package: glossary-hypernav 2017/01/19 v4.29 (NLCT)
) (/usr/share/texlive/texmf-dist/tex/latex/glossaries/styles/glossary-list.sty
Package: glossary-list 2017/01/19 v4.29 (NLCT)
\glslistdottedwidth=\skip125
) (/usr/share/texlive/texmf-dist/tex/latex/glossaries/styles/glossary-long.sty
Package: glossary-long 2017/01/19 v4.29 (NLCT)

(/usr/share/texlive/texmf-dist/tex/latex/tools/longtable.sty
Package: longtable 2014/10/28 v4.11 Multi-page Table package (DPC)
\LTleft=\skip126
\LTright=\skip127
\LTpre=\skip128
\LTpost=\skip129
\LTchunksize=\count161
\LTcapwidth=\dimen165
\LT@head=\box35
\LT@firsthead=\box36
\LT@foot=\box37
\LT@lastfoot=\box38
\LT@cols=\count162
\LT@rows=\count163
\c@LT@tables=\count164
\c@LT@chunks=\count165
\LT@p@ftn=\toks39
)
Class scrreprt Info: longtable captions redefined on input line 43.
\glsdescwidth=\skip130
\glspagelistwidth=\skip131
)
(/usr/share/texlive/texmf-dist/tex/latex/glossaries/styles/glossary-super.sty
Package: glossary-super 2017/01/19 v4.29 (NLCT)

(/usr/share/texlive/texmf-dist/tex/latex/supertabular/supertabular.sty
Package: supertabular 2004/02/20 v4.1e the supertabular environment
\c@tracingst=\count166
\ST@wd=\dimen166
\ST@rightskip=\skip132
\ST@leftskip=\skip133
\ST@parfillskip=\skip134
\ST@pageleft=\dimen167
\ST@headht=\dimen168
\ST@tailht=\dimen169
\ST@pagesofar=\dimen170
\ST@pboxht=\dimen171
\ST@lineht=\dimen172
\ST@stretchht=\dimen173
\ST@prevht=\dimen174
\ST@toadd=\dimen175
\ST@dimen=\dimen176
\ST@pbox=\box39
))
(/usr/share/texlive/texmf-dist/tex/latex/glossaries/styles/glossary-tree.sty
Package: glossary-tree 2017/01/19 v4.29 (NLCT)
\glstreeindent=\skip135
))
\glswrite=\write3
\glo@acronym@file=\write4
\openout4 = `tudkom.acn'.

Package glossaries Info: Writing glossary file tudkom.acn on input line 99.

(./tudkom.aux)
\openout1 = `tudkom.aux'.

LaTeX Font Info:    Checking defaults for OML/cmm/m/it on input line 142.
LaTeX Font Info:    ... okay on input line 142.
LaTeX Font Info:    Checking defaults for T1/cmr/m/n on input line 142.
LaTeX Font Info:    ... okay on input line 142.
LaTeX Font Info:    Checking defaults for OT1/cmr/m/n on input line 142.
LaTeX Font Info:    ... okay on input line 142.
LaTeX Font Info:    Checking defaults for OMS/cmsy/m/n on input line 142.
LaTeX Font Info:    ... okay on input line 142.
LaTeX Font Info:    Checking defaults for OMX/cmex/m/n on input line 142.
LaTeX Font Info:    ... okay on input line 142.
LaTeX Font Info:    Checking defaults for U/cmr/m/n on input line 142.
LaTeX Font Info:    ... okay on input line 142.
LaTeX Font Info:    Checking defaults for TS1/cmr/m/n on input line 142.
LaTeX Font Info:    ... okay on input line 142.
LaTeX Font Info:    Checking defaults for MDA/cmr/m/n on input line 142.
LaTeX Font Info:    Try loading font information for MDA+cmr on input line 142.

 (/usr/share/texlive/texmf-dist/tex/latex/mathdesign/mdacmr.fd
File: mdacmr.fd 
)
LaTeX Font Info:    ... okay on input line 142.
LaTeX Font Info:    Checking defaults for MDB/cmr/m/n on input line 142.
LaTeX Font Info:    Try loading font information for MDB+cmr on input line 142.


(/usr/share/texlive/texmf-dist/tex/latex/mathdesign/mdbcmr.fd
File: mdbcmr.fd 
)
LaTeX Font Info:    ... okay on input line 142.
LaTeX Font Info:    Checking defaults for PD1/pdf/m/n on input line 142.
LaTeX Font Info:    ... okay on input line 142.
LaTeX Font Info:    Try loading font information for T1+5ch on input line 142.

(/usr/share/texmf/tex/latex/tex-tudfonts/softmake/charter/t15ch.fd
File: t15ch.fd 2008/06/23 Fontinst v1.927 font definitions for T1/5ch.
)
(/usr/share/texlive/texmf-dist/tex/context/base/mkii/supp-pdf.mkii
[Loading MPS to PDF converter (version 2006.09.02).]
\scratchcounter=\count167
\scratchdimen=\dimen177
\scratchbox=\box40
\nofMPsegments=\count168
\nofMParguments=\count169
\everyMPshowfont=\toks40
\MPscratchCnt=\count170
\MPscratchDim=\dimen178
\MPnumerator=\count171
\makeMPintoPDFobject=\count172
\everyMPtoPDFconversion=\toks41
) (/usr/share/texlive/texmf-dist/tex/latex/oberdiek/epstopdf-base.sty
Package: epstopdf-base 2016/05/15 v2.6 Base part for package epstopdf

(/usr/share/texlive/texmf-dist/tex/latex/oberdiek/grfext.sty
Package: grfext 2016/05/16 v1.2 Manage graphics extensions (HO)
)
Package epstopdf-base Info: Redefining graphics rule for `.eps' on input line 4
38.
Package grfext Info: Graphics extension search list:
(grfext)             [.png,.pdf,.jpg,.mps,.jpeg,.jbig2,.jb2,.PNG,.PDF,.JPG,.JPE
G,.JBIG2,.JB2,.eps]
(grfext)             \AppendGraphicsExtensions on input line 456.

(/usr/share/texlive/texmf-dist/tex/latex/latexconfig/epstopdf-sys.cfg
File: epstopdf-sys.cfg 2010/07/13 v1.3 Configuration of (r)epstopdf for TeX Liv
e
))
\AtBeginShipoutBox=\box41

*geometry* detected driver: dvips
*geometry* verbose mode - [ preamble ] result:
* driver: dvips
* paper: a4paper
* layout: <same size as paper>
* layoutoffset:(h,v)=(0.0pt,0.0pt)
* modes: includehead includefoot includemp twoside 
* h-part:(L,W,R)=(56.9055pt, 497.92325pt, 42.67912pt)
* v-part:(T,H,B)=(42.67912pt, 745.46222pt, 56.9055pt)
* \paperwidth=597.50787pt
* \paperheight=845.04684pt
* \textwidth=497.92325pt
* \textheight=701.09778pt
* \oddsidemargin=-15.36449pt
* \evensidemargin=-29.59087pt
* \topmargin=-29.59087pt
* \headheight=16.56445pt
* \headsep=13.9pt
* \topskip=11.0pt
* \footskip=13.9pt
* \marginparwidth=0.0pt
* \marginparsep=0.0pt
* \columnsep=11.95013pt
* \skip\footins=10.0pt plus 4.0pt minus 2.0pt
* \hoffset=0.0pt
* \voffset=0.0pt
* \mag=1000
* \@twocolumnfalse
* \@twosidetrue
* \@mparswitchtrue
* \@reversemarginfalse
* (1in=72.27pt=25.4mm, 1cm=28.453pt)

\TUD@part@topskip=\skip136
Package caption Info: Begin \AtBeginDocument code.
Package caption Info: subfig package v1.3 is loaded.
Package caption Info: hyperref package is loaded.
Package caption Info: longtable package is loaded.
(/usr/share/texlive/texmf-dist/tex/latex/caption/ltcaption.sty
Package: ltcaption 2013/06/09 v1.4-94 longtable captions (AR)
)
Package caption Info: supertabular package is loaded.
Package caption Info: End \AtBeginDocument code.
Package hyperref Info: Link coloring OFF on input line 142.

(/usr/share/texlive/texmf-dist/tex/latex/hyperref/nameref.sty
Package: nameref 2016/05/21 v2.44 Cross-referencing by name of section

(/usr/share/texlive/texmf-dist/tex/generic/oberdiek/gettitlestring.sty
Package: gettitlestring 2016/05/16 v1.5 Cleanup title references (HO)
)
\c@section@level=\count173
)
LaTeX Info: Redefining \ref on input line 142.
LaTeX Info: Redefining \pageref on input line 142.
LaTeX Info: Redefining \nameref on input line 142.

(./tudkom.out) (./tudkom.out)
\@outlinefile=\write5
\openout5 = `tudkom.out'.

 (./tudkom.glsdefs)
\@TUD@tmp@baselineskip=\skip137
\@TUD@tmp@parwidth=\skip138
\TUD@titleboxheight=\skip139
\TUD@titleboxdepth=\skip140
\TUD@subtitleboxheight=\skip141
\TUD@subtitleboxdepth=\skip142
\TUD@logoboxheight=\skip143
\TUD@logoboxwidth=\skip144
\TUD@colorbackheight=\skip145
\TUD@colorbacktitleheight=\skip146
\TUD@instboxheight=\skip147
\TUD@instboxdepth=\skip148
\TUD@instboxwidth=\skip149
\TUD@instlogoheight=\skip150
\TUD@instlogowidth=\skip151
\TUD@sponsorheight=\skip152
\TUD@titlebox=\box42
\TUD@subtitlebox=\box43
\TUD@logobox=\box44
\TUD@instbox=\box45
\TUD@sponsorbox=\box46
\TUD@tmp@height=\skip153
\TUD@tmp@depth=\skip154
LaTeX Font Info:    Try loading font information for T1+5fp on input line 151.

(/usr/share/texmf/tex/latex/tex-tudfonts/softmake/frontpage/t15fp.fd
File: t15fp.fd 2009/08/06 Fontinst v1.927 font definitions for T1/5fp.
)
LaTeX Font Info:    Try loading font information for OT1+mdbch on input line 15
1.

(/usr/share/texlive/texmf-dist/tex/latex/mathdesign/mdbch/ot1mdbch.fd
File: ot1mdbch.fd 2013/08/29 Fontinst v1.933 font definitions for OT1/mdbch.
)
LaTeX Font Info:    Font shape `OT1/mdbch/m/n' will be
(Font)              scaled to size 11.04007pt on input line 151.
LaTeX Font Info:    Font shape `OT1/mdbch/m/n' will be
(Font)              scaled to size 7.68005pt on input line 151.
LaTeX Font Info:    Font shape `OT1/mdbch/m/n' will be
(Font)              scaled to size 6.62404pt on input line 151.
LaTeX Font Info:    Try loading font information for OML+mdbch on input line 15
1.

(/usr/share/texlive/texmf-dist/tex/latex/mathdesign/mdbch/omlmdbch.fd
File: omlmdbch.fd 2013/08/29 Fontinst v1.933 font definitions for OML/mdbch.
)
LaTeX Font Info:    Font shape `OML/mdbch/m/it' will be
(Font)              scaled to size 11.04007pt on input line 151.
LaTeX Font Info:    Font shape `OML/mdbch/m/it' will be
(Font)              scaled to size 7.68005pt on input line 151.
LaTeX Font Info:    Font shape `OML/mdbch/m/it' will be
(Font)              scaled to size 6.62404pt on input line 151.
LaTeX Font Info:    Try loading font information for OMS+mdbch on input line 15
1.

(/usr/share/texlive/texmf-dist/tex/latex/mathdesign/mdbch/omsmdbch.fd
File: omsmdbch.fd 2013/08/29 Fontinst v1.933 font definitions for OMS/mdbch.
)
LaTeX Font Info:    Font shape `OMS/mdbch/m/n' will be
(Font)              scaled to size 11.04007pt on input line 151.
LaTeX Font Info:    Font shape `OMS/mdbch/m/n' will be
(Font)              scaled to size 7.68005pt on input line 151.
LaTeX Font Info:    Font shape `OMS/mdbch/m/n' will be
(Font)              scaled to size 6.62404pt on input line 151.
LaTeX Font Info:    Try loading font information for OMX+mdbch on input line 15
1.

(/usr/share/texlive/texmf-dist/tex/latex/mathdesign/mdbch/omxmdbch.fd
File: omxmdbch.fd 2013/08/29 Fontinst v1.933 font definitions for OMX/mdbch.
)
LaTeX Font Info:    Font shape `OMX/mdbch/m/n' will be
(Font)              scaled to size 11.04007pt on input line 151.
LaTeX Font Info:    Font shape `OMX/mdbch/m/n' will be
(Font)              scaled to size 7.68005pt on input line 151.
LaTeX Font Info:    Font shape `OMX/mdbch/m/n' will be
(Font)              scaled to size 6.62404pt on input line 151.
LaTeX Font Info:    Font shape `OML/mdbch/m/n' will be
(Font)              scaled to size 11.04007pt on input line 151.
LaTeX Font Info:    Font shape `OML/mdbch/m/n' will be
(Font)              scaled to size 7.68005pt on input line 151.
LaTeX Font Info:    Font shape `OML/mdbch/m/n' will be
(Font)              scaled to size 6.62404pt on input line 151.
LaTeX Font Info:    Try loading font information for MDA+mdbch on input line 15
1.

(/usr/share/texlive/texmf-dist/tex/latex/mathdesign/mdbch/mdamdbch.fd
File: mdamdbch.fd 2013/08/29 Fontinst v1.933 font definitions for MDA/mdbch.
)
LaTeX Font Info:    Font shape `MDA/mdbch/m/n' will be
(Font)              scaled to size 11.04007pt on input line 151.
LaTeX Font Info:    Font shape `MDA/mdbch/m/n' will be
(Font)              scaled to size 7.68005pt on input line 151.
LaTeX Font Info:    Font shape `MDA/mdbch/m/n' will be
(Font)              scaled to size 6.62404pt on input line 151.
LaTeX Font Info:    Try loading font information for MDB+mdbch on input line 15
1.

(/usr/share/texlive/texmf-dist/tex/latex/mathdesign/mdbch/mdbmdbch.fd
File: mdbmdbch.fd 2013/08/29 Fontinst v1.933 font definitions for MDB/mdbch.
)
LaTeX Font Info:    Font shape `MDB/mdbch/m/n' will be
(Font)              scaled to size 11.04007pt on input line 151.
LaTeX Font Info:    Font shape `MDB/mdbch/m/n' will be
(Font)              scaled to size 7.68005pt on input line 151.
LaTeX Font Info:    Font shape `MDB/mdbch/m/n' will be
(Font)              scaled to size 6.62404pt on input line 151.
LaTeX Font Info:    Try loading font information for OML+mdput on input line 15
1.

(/usr/share/texlive/texmf-dist/tex/latex/mathdesign/mdput/omlmdput.fd
File: omlmdput.fd 2013/08/29 Fontinst v1.933 font definitions for OML/mdput.
)
LaTeX Font Info:    Font shape `OML/mdput/m/it' will be
(Font)              scaled to size 10.81003pt on input line 151.
LaTeX Font Info:    Font shape `OML/mdput/m/it' will be
(Font)              scaled to size 7.52002pt on input line 151.
LaTeX Font Info:    Font shape `OML/mdput/m/it' will be
(Font)              scaled to size 6.48601pt on input line 151.
\@TUD@titlelines=\count174

<tud_logo.pdf, id=172, 157.58875pt x 63.23625pt>
File: tud_logo.pdf Graphic file (type pdf)
 <use tud_logo.pdf>
Package pdftex.def Info: tud_logo.pdf used on input line 151.
(pdftex.def)             Requested size: 134.92238pt x 62.59605pt.
File: tud_logo.pdf Graphic file (type pdf)

<use tud_logo.pdf>
Package pdftex.def Info: tud_logo.pdf used on input line 151.
(pdftex.def)             Requested size: 134.92238pt x 62.59605pt.
\@TUD@logolines=\count175
 [-1
Non-PDF special ignored!


Non-PDF special ignored!
\openout3 = `tudkom.ist'.

{/var/lib/texmf/fonts/map/pdftex/updmap/pdftex.map} </usr/share/texmf/tex/latex
/tuddesign/logo/tud_logo.pdf>]pdfTeX warning (ext4): destination with the same 
identifier (name{page.}) has been already used, duplicate ignored
<to be read again> 
                   \relax 
l.151 
       [0

] [1



] [2


] (./tudkom.toc [3])
\tf@toc=\write6
\openout6 = `tudkom.toc'.

 [4] (./tudkom.lof)
\tf@lof=\write7
\openout7 = `tudkom.lof'.

 [5


] [6


] (./tudkom.lot)
\tf@lot=\write8
\openout8 = `tudkom.lot'.

[7] [8


] (./content.tex
chapter 1.
[1


]
Underfull \hbox (badness 10000) in paragraph at lines 58--59

 []


Underfull \hbox (badness 10000) in paragraph at lines 58--59

 []

LaTeX Font Info:    Try loading font information for TS1+5ch on input line 66.
(/usr/share/texmf/tex/latex/tex-tudfonts/softmake/charter/ts15ch.fd
File: ts15ch.fd 2008/06/23 Fontinst v1.927 font definitions for TS1/5ch.
) [2]
[3] [4


]
chapter 2.
[5] [6] [7] <FMexample.png, id=437, 496.85625pt x 166.6225pt>
File: FMexample.png Graphic file (type png)

<use FMexample.png>
Package pdftex.def Info: FMexample.png used on input line 212.
(pdftex.def)             Requested size: 496.85503pt x 166.62209pt.
 [8] [9 <./FMexample.png (PNG copy)>] [10


]
chapter 3.

Underfull \hbox (badness 10000) in paragraph at lines 253--255

 []


Underfull \hbox (badness 10000) in paragraph at lines 253--255

 []

[11]
Underfull \hbox (badness 10000) in paragraph at lines 299--300

 []


Underfull \hbox (badness 10000) in paragraph at lines 299--300

 []

[12]
Overfull \hbox (1.68953pt too wide) in paragraph at lines 315--317
[]\T1/5ch/m/n/11 Based on these com-po-nents, 8 place-ment al-go-rithms de-vel-
oped r[][]Event Stream Pro-cess-ing (ESP)[]ectively
 []

[13] [14]
chapter 4.

Underfull \hbox (badness 10000) in paragraph at lines 381--381
[]|\T1/5ch/m/n/11 absolute/relative space and time (co-or-di-
 []


Underfull \hbox (badness 10000) in paragraph at lines 362--382

 []


Underfull \hbox (badness 10000) in paragraph at lines 384--399

 []

[15


]
Underfull \hbox (badness 2027) in paragraph at lines 412--412
[]|\T1/5ch/m/n/11 multi-context mod-el-ing (one in-stance of the
 []


Underfull \hbox (badness 10000) in paragraph at lines 400--413

 []

<alternative3.png, id=506, 899.36pt x 1767.60374pt>
File: alternative3.png Graphic file (type png)
 <use alternative3.png>
Package pdftex.def Info: alternative3.png used on input line 415.
(pdftex.def)             Requested size: 359.73763pt x 707.02899pt.

[16]
Overfull \vbox (34.27121pt too high) has occurred while \output is active []


[17 <./alternative3.png>]
Underfull \hbox (badness 10000) in paragraph at lines 420--426

 []

[18]
chapter 5.
[19


] [20


]
chapter 6.
[21] [22


]
chapter 7.
) (./glossary.tex
\@gls@deffile=\write9
\openout9 = `tudkom.glsdefs'.

) (./tudkom.acr [23] [24


]) (./tudkom.bbl [25


] [26


]
LaTeX Font Info:    Try loading font information for T1+txtt on input line 41.

(/usr/share/texlive/texmf-dist/tex/latex/txfonts/t1txtt.fd
File: t1txtt.fd 2000/12/15 v3.1
)
Underfull \hbox (badness 10000) in paragraph at lines 81--87
[]\T1/5ch/m/n/11 Paula Fer-nan-des, Clu-dia Maria Lima Werner, and Leonardo Gr
esta Paulino
 []


Underfull \hbox (badness 10000) in paragraph at lines 81--87
\T1/5ch/m/n/11 Murta.  Fea-ture Mod-el-ing for Context-Aware Soft-ware Prod-uct
 Lines.  
 []


Underfull \hbox (badness 10000) in paragraph at lines 81--87
\T1/5ch/m/n/11 (January):758--763, 2008.  URL []$\T1/txtt/m/n/11 http : / / www
 . researchgate . net / publication /
 []


Overfull \hbox (3.09521pt too wide) in paragraph at lines 81--87
\T1/txtt/m/n/11 221389597{_}Feature{_}Modeling{_}for{_}Context-[]Aware{_}Softwa
re{_}Product{_}Lines /
 []


Underfull \hbox (badness 1515) in paragraph at lines 96--103
\T1/5ch/m/n/11 Lines.  \T1/5ch/m/it/11 Com-puter\T1/5ch/m/n/11 , 41(4):93--95, 
2008.  ISSN 0018-9162.  doi: $10 . 1109 / MC . 2008 . 123$.
 []


Underfull \hbox (badness 10000) in paragraph at lines 96--103
\T1/5ch/m/n/11 URL []$\T1/txtt/m/n/11 http : / / ieeexplore . ieee . org / ielx
5 / 2 / 4488232 / 04488260 . pdf ? tp = {&}arnumber =
 []


Underfull \hbox (badness 10000) in paragraph at lines 96--103
\T1/txtt/m/n/11 4488260{&}isnumber = 4488232{%}5Cnhttp : / / ieeexplore . ieee 
. org / xpls / abs{_}all . jsp ?
 []

[27])
Package atveryend Info: Empty hook `BeforeClearDocument' on input line 196.
 [28]
Package atveryend Info: Empty hook `AfterLastShipout' on input line 196.
 (./tudkom.aux)
Package atveryend Info: Executing hook `AtVeryEndDocument' on input line 196.
Package atveryend Info: Executing hook `AtEndAfterFileList' on input line 196.
Package rerunfilecheck Info: File `tudkom.out' has not changed.
(rerunfilecheck)             Checksum: EB367D8DA991B3F9490E09E5E1978338;3060.
Package atveryend Info: Empty hook `AtVeryVeryEnd' on input line 196.
 ) 
Here is how much of TeX's memory you used:
 21263 strings out of 494893
 354899 string characters out of 6178672
 573443 words of memory out of 5000000
 23989 multiletter control sequences out of 15000+600000
 116957 words of font info for 73 fonts, out of 8000000 for 9000
 14 hyphenation exceptions out of 8191
 59i,13n,100p,8818b,590s stack positions out of 5000i,500n,10000p,200000b,80000s
{/usr/share/texlive/texmf-dist/fonts/enc/dvips/base/8r.enc}</usr/share/texmf/
fonts/type1/softmake/charter/5chb8a.pfb></usr/share/texmf/fonts/type1/softmake/
charter/5chr8a.pfb></usr/share/texmf/fonts/type1/softmake/charter/5chri8a.pfb><
/usr/share/texmf/fonts/type1/softmake/frontpage/5fpm8a.pfb></usr/share/texmf/fo
nts/type1/softmake/frontpage/5fpr8a.pfb></usr/share/texlive/texmf-dist/fonts/ty
pe1/public/txfonts/t1xtt.pfb>
Output written on tudkom.pdf (38 pages, 370222 bytes).
PDF statistics:
 655 PDF objects out of 1000 (max. 8388607)
 593 compressed objects within 6 object streams
 126 named destinations out of 1000 (max. 500000)
 364 words of extra memory for PDF output out of 10000 (max. 10000000)

